d:\workspace\c++\learnudemyadvanedcppprogramming\staffmanagmeensystem\x64\debug\vc142.pdb
d:\workspace\c++\learnudemyadvanedcppprogramming\staffmanagmeensystem\x64\debug\vc142.idb
d:\workspace\c++\learnudemyadvanedcppprogramming\staffmanagmeensystem\x64\debug\utils.obj
d:\workspace\c++\learnudemyadvanedcppprogramming\staffmanagmeensystem\x64\debug\staff.obj
d:\workspace\c++\learnudemyadvanedcppprogramming\staffmanagmeensystem\x64\debug\source.obj
d:\workspace\c++\learnudemyadvanedcppprogramming\staffmanagmeensystem\x64\debug\workmanager.obj
d:\workspace\c++\learnudemyadvanedcppprogramming\staffmanagmeensystem\x64\debug\manager.obj
d:\workspace\c++\learnudemyadvanedcppprogramming\staffmanagmeensystem\x64\debug\employeemanagersystem.obj
d:\workspace\c++\learnudemyadvanedcppprogramming\staffmanagmeensystem\x64\debug\main.obj
d:\workspace\c++\learnudemyadvanedcppprogramming\staffmanagmeensystem\x64\debug\generalemployee.obj
d:\workspace\c++\learnudemyadvanedcppprogramming\staffmanagmeensystem\x64\debug\boss.obj
d:\workspace\c++\learnudemyadvanedcppprogramming\x64\debug\staffmanagmeensystem.exe
d:\workspace\c++\learnudemyadvanedcppprogramming\x64\debug\staffmanagmeensystem.ilk
d:\workspace\c++\learnudemyadvanedcppprogramming\x64\debug\staffmanagmeensystem.pdb
d:\workspace\c++\learnudemyadvanedcppprogramming\staffmanagmeensystem\x64\debug\staffman.baf44cf6.tlog\cl.command.1.tlog
d:\workspace\c++\learnudemyadvanedcppprogramming\staffmanagmeensystem\x64\debug\staffman.baf44cf6.tlog\cl.read.1.tlog
d:\workspace\c++\learnudemyadvanedcppprogramming\staffmanagmeensystem\x64\debug\staffman.baf44cf6.tlog\cl.write.1.tlog
d:\workspace\c++\learnudemyadvanedcppprogramming\staffmanagmeensystem\x64\debug\staffman.baf44cf6.tlog\link.command.1.tlog
d:\workspace\c++\learnudemyadvanedcppprogramming\staffmanagmeensystem\x64\debug\staffman.baf44cf6.tlog\link.read.1.tlog
d:\workspace\c++\learnudemyadvanedcppprogramming\staffmanagmeensystem\x64\debug\staffman.baf44cf6.tlog\link.write.1.tlog
